
layout

layout

layout

[#<Dir:/Users/KamiKaze/Projects/genesis/app/views/factory>]

[#<Dir:/Users/KamiKaze/Projects/genesis/app/views/factory>]

[#<Dir:/Users/KamiKaze/Projects/genesis/app/views/factory>]

[#<Dir:/Users/KamiKaze/Projects/genesis/app/views/factory>]

#<Dir:0x000001015b7080>

[".DS_Store", "index.erb", "layout.erb", "test.erb"]

#<Dir:0x000001017f5898>

[".DS_Store", "index", "layout", "test"]

#<Dir:0x00000101649088>

[".DS_Store", "index", "layout", "test"]

#<Dir:0x0000010165ed38>

["index", "layout", "test"]

#<Dir:0x0000010238e628>

[]

#<Dir:0x00000101609a30>

["test"]

#<Dir:0x0000010166ee78>



#<Dir:0x00000100c27540>



#<Dir:0x00000100c34ac0>



#<Dir:0x00000102868d80>



#<Dir:0x000001015778d8>



#<Dir:0x00000101265d10>



#<Dir:0x0000010106af20>



#<Dir:0x00000100d9c760>



#<Dir:0x00000100c0d028>



#<Dir:0x00000100a3d930>



#<Dir:0x00000100e7f438>


